<?xml version="1.0" encoding="UTF-8"?>
<!-- Generated by org.testng.reporters.JUnitReportReporter -->
<testsuite hostname="QSINBNB342" failures="0" tests="3" name="TestCases.TC002_LoginDDT" time="15.810" errors="0" timestamp="2024-04-12T23:02:52 IST" skipped="0">
  <testcase classname="TestCases.TC002_LoginDDT" name="verifyLoginusingDDT" time="10.233"/>
  <system-out/>
  <testcase classname="TestCases.TC002_LoginDDT" name="verifyLoginusingDDT" time="3.176"/>
  <system-out/>
  <testcase classname="TestCases.TC002_LoginDDT" name="verifyLoginusingDDT" time="2.401"/>
  <system-out/>
</testsuite> <!-- TestCases.TC002_LoginDDT -->
