<?xml version="1.0" encoding="UTF-8"?>
<!-- Generated by org.testng.reporters.JUnitReportReporter -->
<testsuite hostname="QSINBNB342" failures="0" tests="1" name="TestCases.TC001_LoginwithValidCredentials" time="3.442" errors="0" timestamp="2024-04-13T23:40:09 IST" skipped="0">
  <testcase classname="TestCases.TC001_LoginwithValidCredentials" name="verifyLogin" time="3.442"/>
  <system-out/>
</testsuite> <!-- TestCases.TC001_LoginwithValidCredentials -->
