<?xml version="1.0" encoding="UTF-8"?>
<!-- Generated by org.testng.reporters.JUnitReportReporter -->
<testsuite hostname="QSINBNB342" failures="0" tests="2" name="TestCases.TC001_LoginwithValidCredentials" time="6.022" errors="0" timestamp="2024-04-14T00:27:34 IST" skipped="0">
  <testcase classname="TestCases.TC001_LoginwithValidCredentials" name="verifyLogin" time="2.977"/>
  <system-out/>
  <testcase classname="TestCases.TC001_LoginwithValidCredentials" name="verifyLogin" time="3.045"/>
  <system-out/>
</testsuite> <!-- TestCases.TC001_LoginwithValidCredentials -->
